<?xml version="1.0" encoding="utf-8"?><testsuites name="pytest tests"><testsuite name="pytest" errors="0" failures="0" skipped="0" tests="21" time="8.629" timestamp="2026-02-27T05:34:12.731042+00:00" hostname="agent-env-ba4869f1-854b-4aa9-96e8-9c498d5be886"><testcase classname="backend.tests.test_browse.TestBrowseAuth" name="test_browse_requires_auth" time="0.209" /><testcase classname="backend.tests.test_browse.TestBrowseAuth" name="test_browse_invalid_token" time="0.315" /><testcase classname="backend.tests.test_browse.TestBrowseAll" name="test_browse_returns_8_profiles" time="2.503" /><testcase classname="backend.tests.test_browse.TestBrowseAll" name="test_browse_response_structure" time="0.399" /><testcase classname="backend.tests.test_browse.TestBrowseAll" name="test_browse_age_is_calculated" time="0.440" /><testcase classname="backend.tests.test_browse.TestBrowseAll" name="test_browse_response_has_page_field" time="0.349" /><testcase classname="backend.tests.test_browse.TestBrowseGenderFilter" name="test_browse_female_returns_4" time="0.419" /><testcase classname="backend.tests.test_browse.TestBrowseGenderFilter" name="test_browse_male_returns_4" time="0.251" /><testcase classname="backend.tests.test_browse.TestBrowseGenderFilter" name="test_browse_male_plus_female_equals_all" time="0.802" /><testcase classname="backend.tests.test_browse.TestBrowseGenderFilter" name="test_browse_female_names" time="0.215" /><testcase classname="backend.tests.test_browse.TestBrowseGenderFilter" name="test_browse_male_names" time="0.301" /><testcase classname="backend.tests.test_browse.TestBrowseCityFilter" name="test_browse_city_surat_returns_2" time="0.225" /><testcase classname="backend.tests.test_browse.TestBrowseCityFilter" name="test_browse_city_bangalore_returns_0" time="0.236" /><testcase classname="backend.tests.test_browse.TestBrowseCityFilter" name="test_browse_city_ahmedabad_returns_2" time="0.202" /><testcase classname="backend.tests.test_browse.TestBrowseCityFilter" name="test_browse_city_case_insensitive" time="0.406" /><testcase classname="backend.tests.test_browse.TestBrowseAgeFilter" name="test_browse_age_25_28_returns_5" time="0.209" /><testcase classname="backend.tests.test_browse.TestBrowseAgeFilter" name="test_browse_age_min_only" time="0.213" /><testcase classname="backend.tests.test_browse.TestBrowseAgeFilter" name="test_browse_age_max_only" time="0.200" /><testcase classname="backend.tests.test_browse.TestBrowseCombinedFilters" name="test_browse_female_surat_returns_kavya" time="0.209" /><testcase classname="backend.tests.test_browse.TestBrowseCombinedFilters" name="test_browse_male_ahmedabad" time="0.210" /><testcase classname="backend.tests.test_browse.TestBrowseCombinedFilters" name="test_browse_female_age_25_28" time="0.235" /></testsuite></testsuites>