<?xml version="1.0" encoding="utf-8"?><testsuites name="pytest tests"><testsuite name="pytest" errors="0" failures="0" skipped="0" tests="24" time="4.854" timestamp="2026-02-27T03:11:17.799232+00:00" hostname="agent-env-810cc936-01d3-4f89-a226-6dc4d80f17aa"><testcase classname="backend.tests.test_csv_import.TestHealth" name="test_root_returns_gkks_vivah" time="0.209" /><testcase classname="backend.tests.test_csv_import.TestAdminAuth" name="test_csv_preview_no_header_returns_403" time="0.135" /><testcase classname="backend.tests.test_csv_import.TestAdminAuth" name="test_csv_preview_wrong_secret_returns_403" time="0.175" /><testcase classname="backend.tests.test_csv_import.TestCSVPreview" name="test_csv_preview_success" time="0.161" /><testcase classname="backend.tests.test_csv_import.TestCSVPreview" name="test_csv_preview_returns_columns" time="0.116" /><testcase classname="backend.tests.test_csv_import.TestCSVPreview" name="test_csv_preview_returns_mapping" time="0.131" /><testcase classname="backend.tests.test_csv_import.TestCSVPreview" name="test_csv_preview_returns_preview_rows" time="0.138" /><testcase classname="backend.tests.test_csv_import.TestCSVPreview" name="test_csv_preview_returns_total_rows" time="0.139" /><testcase classname="backend.tests.test_csv_import.TestCSVPreview" name="test_csv_preview_returns_profile_fields" time="0.169" /><testcase classname="backend.tests.test_csv_import.TestCSVPreview" name="test_auto_detect_full_name" time="0.157" /><testcase classname="backend.tests.test_csv_import.TestCSVPreview" name="test_auto_detect_dob" time="0.143" /><testcase classname="backend.tests.test_csv_import.TestCSVPreview" name="test_auto_detect_father_name" time="0.200" /><testcase classname="backend.tests.test_csv_import.TestCSVPreview" name="test_auto_detect_caste" time="0.146" /><testcase classname="backend.tests.test_csv_import.TestCSVPreview" name="test_sub_caste_mapped_to_empty" time="0.109" /><testcase classname="backend.tests.test_csv_import.TestCSVPreview" name="test_video_url_mapped_to_empty" time="0.124" /><testcase classname="backend.tests.test_csv_import.TestCSVImportDryRun" name="test_dry_run_returns_will_import" time="0.459" /><testcase classname="backend.tests.test_csv_import.TestCSVImportDryRun" name="test_dry_run_does_not_insert" time="0.228" /><testcase classname="backend.tests.test_csv_import.TestCSVImportDryRun" name="test_dry_run_returns_duplicates_and_errors" time="0.203" /><testcase classname="backend.tests.test_csv_import.TestCSVImportDryRun" name="test_missing_required_field_returns_400" time="0.123" /><testcase classname="backend.tests.test_csv_import.TestNormalization" name="test_date_dd_mm_yyyy_parsed" time="0.283" /><testcase classname="backend.tests.test_csv_import.TestNormalization" name="test_manglik_yes_normalized" time="0.609" /><testcase classname="backend.tests.test_csv_import.TestNormalization" name="test_manglik_partial_normalized" time="0.190" /><testcase classname="backend.tests.test_csv_import.TestNormalization" name="test_family_type_joint" time="0.245" /><testcase classname="backend.tests.test_csv_import.TestNormalization" name="test_family_type_nuclear" time="0.194" /></testsuite></testsuites>