<?xml version="1.0" encoding="utf-8"?><testsuites name="pytest tests"><testsuite name="pytest" errors="0" failures="0" skipped="0" tests="12" time="4.073" timestamp="2026-02-27T04:41:21.870843+00:00" hostname="agent-env-ba4869f1-854b-4aa9-96e8-9c498d5be886"><testcase classname="backend.tests.test_auth.TestHealthAndRoot" name="test_api_root" time="0.168" /><testcase classname="backend.tests.test_auth.TestSendOTP" name="test_send_otp_success_web_bypass" time="0.154" /><testcase classname="backend.tests.test_auth.TestSendOTP" name="test_send_otp_resend_bypass" time="0.110" /><testcase classname="backend.tests.test_auth.TestSendOTP" name="test_send_otp_invalid_phone_format" time="0.122" /><testcase classname="backend.tests.test_auth.TestSendOTP" name="test_send_otp_short_phone" time="0.155" /><testcase classname="backend.tests.test_auth.TestSendOTP" name="test_send_otp_missing_fields" time="0.113" /><testcase classname="backend.tests.test_auth.TestSendOTP" name="test_send_otp_invalid_turnstile" time="0.196" /><testcase classname="backend.tests.test_auth.TestVerifyOTP" name="test_verify_otp_no_otp_requested" time="0.111" /><testcase classname="backend.tests.test_auth.TestVerifyOTP" name="test_verify_otp_wrong_otp" time="0.146" /><testcase classname="backend.tests.test_auth.TestVerifyOTP" name="test_verify_otp_missing_fields" time="0.109" /><testcase classname="backend.tests.test_auth.TestVerifyOTP" name="test_full_send_and_verify_flow" time="2.459" /><testcase classname="backend.tests.test_auth.TestRateLimiting" name="test_rate_limit_second_otp_same_phone" time="0.159" /></testsuite></testsuites>