<?xml version="1.0" encoding="utf-8"?><testsuites name="pytest tests"><testsuite name="pytest" errors="0" failures="0" skipped="0" tests="18" time="6.940" timestamp="2026-02-27T05:03:03.954120+00:00" hostname="agent-env-ba4869f1-854b-4aa9-96e8-9c498d5be886"><testcase classname="backend.tests.test_onboarding.TestGetMe" name="test_me_requires_auth" time="0.233" /><testcase classname="backend.tests.test_onboarding.TestGetMe" name="test_me_invalid_token" time="0.279" /><testcase classname="backend.tests.test_onboarding.TestGetMe" name="test_me_returns_user_data" time="2.409" /><testcase classname="backend.tests.test_onboarding.TestSetRole" name="test_set_role_requires_auth" time="0.054" /><testcase classname="backend.tests.test_onboarding.TestSetRole" name="test_set_role_invalid_role" time="0.135" /><testcase classname="backend.tests.test_onboarding.TestSetRole" name="test_set_role_candidate" time="0.349" /><testcase classname="backend.tests.test_onboarding.TestSetRole" name="test_set_role_persisted_in_me" time="0.369" /><testcase classname="backend.tests.test_onboarding.TestProfileSearch" name="test_search_requires_auth" time="0.059" /><testcase classname="backend.tests.test_onboarding.TestProfileSearch" name="test_search_too_short_query" time="0.126" /><testcase classname="backend.tests.test_onboarding.TestProfileSearch" name="test_search_patel_returns_raj_patel" time="0.307" /><testcase classname="backend.tests.test_onboarding.TestProfileSearch" name="test_search_shah_returns_priya_shah" time="0.305" /><testcase classname="backend.tests.test_onboarding.TestProfileSearch" name="test_search_desai_returns_meera_desai" time="0.219" /><testcase classname="backend.tests.test_onboarding.TestProfileSearch" name="test_search_returns_only_unclaimed" time="0.212" /><testcase classname="backend.tests.test_onboarding.TestProfileClaim" name="test_claim_requires_auth" time="0.053" /><testcase classname="backend.tests.test_onboarding.TestProfileClaim" name="test_claim_nonexistent_profile" time="0.221" /><testcase classname="backend.tests.test_onboarding.TestProfileClaim" name="test_claim_valid_profile" time="0.673" /><testcase classname="backend.tests.test_onboarding.TestProfileClaim" name="test_claim_user_has_profile_id_after_claim" time="0.216" /><testcase classname="backend.tests.test_onboarding.TestProfileClaim" name="test_claim_already_claimed_returns_409" time="0.646" /></testsuite></testsuites>